<?xml version="1.0" encoding="UTF-8"?>
<testsuite name="com.kuji.speechmanagementsystem.SpeechmanagementsystemApplicationTests" tests="1" skipped="0" failures="0" errors="0" timestamp="2025-06-30T17:53:24.418Z" hostname="LAPTOP-42R7D22M" time="0.6">
  <properties/>
  <testcase name="contextLoads()" classname="com.kuji.speechmanagementsystem.SpeechmanagementsystemApplicationTests" time="0.6"/>
  <system-out><![CDATA[01:53:17.784 [Test worker] INFO org.springframework.test.context.support.AnnotationConfigContextLoaderUtils -- Could not detect default configuration classes for test class [com.kuji.speechmanagementsystem.SpeechmanagementsystemApplicationTests]: SpeechmanagementsystemApplicationTests does not declare any static, non-private, non-final, nested classes annotated with @Configuration.
01:53:17.972 [Test worker] INFO org.springframework.boot.test.context.SpringBootTestContextBootstrapper -- Found @SpringBootConfiguration com.kuji.speechmanagementsystem.SpeechManagementSystemApplication for test class com.kuji.speechmanagementsystem.SpeechmanagementsystemApplicationTests

  .   ____          _            __ _ _
 /\\ / ___'_ __ _ _(_)_ __  __ _ \ \ \ \
( ( )\___ | '_ | '_| | '_ \/ _` | \ \ \ \
 \\/  ___)| |_)| | | | | || (_| |  ) ) ) )
  '  |____| .__|_| |_|_| |_\__, | / / / /
 =========|_|==============|___/=/_/_/_/

 :: Spring Boot ::                (v3.5.3)

2025-07-01T01:53:18.702+08:00  INFO 3124 --- [speechmanagementsystem] [    Test worker] s.SpeechmanagementsystemApplicationTests : Starting SpeechmanagementsystemApplicationTests using Java 17.0.12 with PID 3124 (started by Janna Tapitha in D:\kuji\java-spring-projects\speechmanagementsystem\speechmanagementsystem)
2025-07-01T01:53:18.702+08:00  INFO 3124 --- [speechmanagementsystem] [    Test worker] s.SpeechmanagementsystemApplicationTests : No active profile set, falling back to 1 default profile: "default"
2025-07-01T01:53:19.794+08:00  INFO 3124 --- [speechmanagementsystem] [    Test worker] .s.d.r.c.RepositoryConfigurationDelegate : Bootstrapping Spring Data JPA repositories in DEFAULT mode.
2025-07-01T01:53:19.888+08:00  INFO 3124 --- [speechmanagementsystem] [    Test worker] .s.d.r.c.RepositoryConfigurationDelegate : Finished Spring Data repository scanning in 81 ms. Found 1 JPA repository interface.
2025-07-01T01:53:20.547+08:00  INFO 3124 --- [speechmanagementsystem] [    Test worker] o.hibernate.jpa.internal.util.LogHelper  : HHH000204: Processing PersistenceUnitInfo [name: default]
2025-07-01T01:53:20.642+08:00  INFO 3124 --- [speechmanagementsystem] [    Test worker] org.hibernate.Version                    : HHH000412: Hibernate ORM core version 6.6.18.Final
2025-07-01T01:53:20.704+08:00  INFO 3124 --- [speechmanagementsystem] [    Test worker] o.h.c.internal.RegionFactoryInitiator    : HHH000026: Second-level cache disabled
2025-07-01T01:53:21.177+08:00  INFO 3124 --- [speechmanagementsystem] [    Test worker] o.s.o.j.p.SpringPersistenceUnitInfo      : No LoadTimeWeaver setup: ignoring JPA class transformer
2025-07-01T01:53:21.225+08:00  INFO 3124 --- [speechmanagementsystem] [    Test worker] com.zaxxer.hikari.HikariDataSource       : HikariPool-1 - Starting...
2025-07-01T01:53:21.577+08:00  INFO 3124 --- [speechmanagementsystem] [    Test worker] com.zaxxer.hikari.pool.HikariPool        : HikariPool-1 - Added connection conn0: url=jdbc:h2:./speechrecogdb user=MELVS!!
2025-07-01T01:53:21.580+08:00  INFO 3124 --- [speechmanagementsystem] [    Test worker] com.zaxxer.hikari.HikariDataSource       : HikariPool-1 - Start completed.
2025-07-01T01:53:21.622+08:00  WARN 3124 --- [speechmanagementsystem] [    Test worker] org.hibernate.orm.deprecation            : HHH90000025: H2Dialect does not need to be specified explicitly using 'hibernate.dialect' (remove the property setting and it will be selected by default)
2025-07-01T01:53:21.662+08:00  INFO 3124 --- [speechmanagementsystem] [    Test worker] org.hibernate.orm.connections.pooling    : HHH10001005: Database info:
	Database JDBC URL [Connecting through datasource 'HikariDataSource (HikariPool-1)']
	Database driver: undefined/unknown
	Database version: 2.3.232
	Autocommit mode: undefined/unknown
	Isolation level: undefined/unknown
	Minimum pool size: undefined/unknown
	Maximum pool size: undefined/unknown
Hibernate: create global temporary table HTE_speech(id integer, rn_ integer not null, speech_date date, author varchar(255), subject varchar(255), content clob, primary key (rn_)) TRANSACTIONAL
2025-07-01T01:53:22.958+08:00  INFO 3124 --- [speechmanagementsystem] [    Test worker] o.h.e.t.j.p.i.JtaPlatformInitiator       : HHH000489: No JTA platform available (set 'hibernate.transaction.jta.platform' to enable JTA platform integration)
2025-07-01T01:53:23.008+08:00  INFO 3124 --- [speechmanagementsystem] [    Test worker] j.LocalContainerEntityManagerFactoryBean : Initialized JPA EntityManagerFactory for persistence unit 'default'
2025-07-01T01:53:23.722+08:00  WARN 3124 --- [speechmanagementsystem] [    Test worker] JpaBaseConfiguration$JpaWebConfiguration : spring.jpa.open-in-view is enabled by default. Therefore, database queries may be performed during view rendering. Explicitly configure spring.jpa.open-in-view to disable this warning
2025-07-01T01:53:24.264+08:00  INFO 3124 --- [speechmanagementsystem] [    Test worker] o.s.b.a.h2.H2ConsoleAutoConfiguration    : H2 console available at '/h2-console'. Database available at 'jdbc:h2:./speechrecogdb'
2025-07-01T01:53:24.390+08:00  INFO 3124 --- [speechmanagementsystem] [    Test worker] s.SpeechmanagementsystemApplicationTests : Started SpeechmanagementsystemApplicationTests in 6.137 seconds (process running for 8.11)
]]></system-out>
  <system-err><![CDATA[]]></system-err>
</testsuite>
